This is pdfTeX, Version 3.1415926-1.40.10 (TeX Live 2009/Debian) (format=latex 2013.8.14)  7 NOV 2014 03:44
entering extended mode
 %&-line parsing enabled.
**use
(./use.tex
LaTeX2e <2009/09/24>
Babel <v3.8l> and hyphenation patterns for english, usenglishmax, dumylang, noh
yphenation, loaded.
(/usr/share/texmf-texlive/tex/latex/base/book.cls
Document Class: book 2007/10/19 v1.4h Standard LaTeX document class
(/usr/share/texmf-texlive/tex/latex/base/bk10.clo
File: bk10.clo 2007/10/19 v1.4h Standard LaTeX file (size option)
)
\c@part=\count79
\c@chapter=\count80
\c@section=\count81
\c@subsection=\count82
\c@subsubsection=\count83
\c@paragraph=\count84
\c@subparagraph=\count85
\c@figure=\count86
\c@table=\count87
\abovecaptionskip=\skip41
\belowcaptionskip=\skip42
\bibindent=\dimen102
) (aux/use.aux)
\openout1 = `use.aux'.

LaTeX Font Info:    Checking defaults for OML/cmm/m/it on input line 21.
LaTeX Font Info:    ... okay on input line 21.
LaTeX Font Info:    Checking defaults for T1/cmr/m/n on input line 21.
LaTeX Font Info:    ... okay on input line 21.
LaTeX Font Info:    Checking defaults for OT1/cmr/m/n on input line 21.
LaTeX Font Info:    ... okay on input line 21.
LaTeX Font Info:    Checking defaults for OMS/cmsy/m/n on input line 21.
LaTeX Font Info:    ... okay on input line 21.
LaTeX Font Info:    Checking defaults for OMX/cmex/m/n on input line 21.
LaTeX Font Info:    ... okay on input line 21.
LaTeX Font Info:    Checking defaults for U/cmr/m/n on input line 21.
LaTeX Font Info:    ... okay on input line 21.
LaTeX Font Info:    External font `cmex10' loaded for size
(Font)              <12> on input line 23.
LaTeX Font Info:    External font `cmex10' loaded for size
(Font)              <8> on input line 23.
LaTeX Font Info:    External font `cmex10' loaded for size
(Font)              <6> on input line 23.

Underfull \hbox (badness 10000) in paragraph at lines 23--23

 []

LaTeX Font Info:    External font `cmex10' loaded for size
(Font)              <9> on input line 23.
LaTeX Font Info:    External font `cmex10' loaded for size
(Font)              <5> on input line 23.
[1


]
Chapter 1.
[1

] [2] [3]
Chapter 2.
[4

] [5]
Chapter 3.
[6

] [7] [8]
Chapter 4.
[9

] [10] [11]
Chapter 5.
[12

] [13]
Chapter 6.
[14

]
Overfull \hbox (3.82463pt too wide) in paragraph at lines 570--574
[]\OT1/cmr/m/n/10 There wasn't much food aboard. The larder was taken up with l
ong cigarettes.
 []

[15] [16]
Chapter 7.
[17

] [18] [19]
Chapter 8.
[20

] [21] (aux/use.aux) ) 
Here is how much of TeX's memory you used:
 264 strings out of 495062
 2770 string characters out of 1182644
 51474 words of memory out of 3000000
 3512 multiletter control sequences out of 15000+50000
 9199 words of font info for 32 fonts, out of 3000000 for 9000
 28 hyphenation exceptions out of 8191
 23i,9n,19p,158b,294s stack positions out of 5000i,500n,10000p,200000b,50000s

Output written on aux/use.dvi (22 pages, 62264 bytes).
